SF:lib/core/network/api_client.dart
DA:9,1
DA:14,0
DA:16,0
DA:17,0
DA:20,0
DA:21,0
DA:22,0
DA:25,0
DA:28,0
DA:33,0
DA:38,0
DA:39,0
DA:40,0
DA:41,0
DA:44,0
DA:45,0
DA:47,0
DA:50,0
DA:55,0
DA:60,0
DA:61,0
DA:62,0
DA:63,0
DA:66,0
DA:67,0
DA:69,0
DA:72,0
DA:77,0
DA:79,0
DA:80,0
DA:83,0
DA:84,0
DA:87,0
LF:33
LH:1
end_of_record
SF:lib/data/datasources/todo_remote_datasource.dart
DA:23,1
DA:25,1
DA:28,2
DA:29,1
DA:30,3
DA:31,1
DA:34,1
DA:39,0
DA:43,0
DA:47,0
DA:51,0
LF:11
LH:7
end_of_record
SF:lib/core/error/failures.dart
DA:8,9
DA:11,0
DA:14,0
DA:15,0
DA:16,0
DA:17,0
DA:19,0
DA:20,0
DA:22,0
DA:23,0
DA:27,9
DA:28,0
DA:32,0
DA:33,0
DA:37,0
DA:38,0
DA:42,0
DA:46,3
DA:47,0
DA:51,2
DA:52,0
LF:21
LH:4
end_of_record
SF:lib/domain/entities/todo_entity.dart
DA:8,1
DA:16,0
DA:22,0
DA:23,0
DA:24,0
DA:25,0
DA:26,0
DA:31,0
DA:34,0
DA:35,0
DA:36,0
DA:37,0
DA:38,0
DA:39,0
DA:41,0
DA:43,0
DA:45,0
DA:47,0
LF:18
LH:1
end_of_record
SF:lib/data/models/todo_model.dart
DA:4,1
DA:11,1
DA:12,1
DA:13,1
DA:14,1
DA:15,1
DA:16,1
DA:20,0
DA:21,0
DA:22,0
DA:23,0
DA:24,0
DA:25,0
DA:29,0
DA:30,0
DA:31,0
DA:32,0
DA:33,0
DA:34,0
LF:19
LH:7
end_of_record
SF:lib/core/result/result.dart
DA:10,3
DA:13,1
DA:16,6
DA:19,2
DA:22,2
DA:25,6
DA:28,2
DA:31,2
DA:34,2
DA:36,2
DA:37,0
DA:39,4
LF:12
LH:11
end_of_record
SF:lib/domain/models/todo.dart
DA:17,6
DA:24,3
DA:27,0
DA:28,0
DA:29,0
DA:30,0
DA:31,0
DA:32,0
DA:34,0
DA:36,0
DA:38,0
DA:40,0
DA:42,1
DA:43,1
DA:44,1
DA:45,1
DA:46,1
DA:47,1
DA:51,1
DA:53,5
DA:56,1
DA:58,1
DA:59,1
DA:60,0
DA:61,0
DA:62,1
LF:26
LH:14
end_of_record
SF:lib/domain/usecases/todo_usecases.dart
DA:12,2
DA:15,2
DA:16,4
DA:17,2
DA:18,0
DA:19,2
DA:21,4
DA:22,4
DA:23,3
DA:24,1
DA:25,2
DA:27,0
DA:28,0
DA:29,0
DA:30,0
DA:31,0
DA:36,3
DA:37,3
DA:47,1
DA:52,5
DA:55,2
DA:56,1
DA:57,0
DA:58,1
DA:64,2
DA:65,2
DA:66,2
DA:67,2
DA:68,2
DA:69,2
DA:72,12
DA:73,4
DA:74,4
DA:79,0
DA:84,2
DA:85,4
DA:89,2
DA:90,4
DA:96,4
DA:101,2
DA:102,10
DA:107,1
DA:108,3
DA:112,6
DA:113,2
DA:114,1
DA:115,1
DA:116,1
DA:117,1
DA:118,1
DA:120,2
DA:127,2
DA:128,2
LF:53
LH:45
end_of_record
SF:lib/presentation/providers/todo_provider.dart
DA:17,2
DA:19,2
DA:23,4
DA:26,1
DA:27,1
DA:28,1
DA:32,2
DA:33,10
DA:36,2
DA:37,10
DA:40,2
DA:42,8
DA:43,8
DA:46,6
DA:50,2
DA:53,2
DA:56,0
DA:59,2
DA:60,2
DA:62,2
DA:63,2
DA:64,2
DA:68,4
DA:71,4
DA:73,2
DA:75,1
DA:78,1
DA:80,0
DA:81,0
DA:85,2
DA:87,3
DA:88,2
DA:89,2
DA:93,3
DA:97,2
DA:98,8
DA:101,2
DA:102,2
DA:103,2
DA:106,2
DA:107,1
DA:108,1
DA:109,1
DA:110,1
DA:111,1
DA:112,1
DA:114,2
DA:115,2
DA:120,1
DA:122,5
DA:129,1
DA:131,2
DA:133,2
DA:134,1
DA:140,2
DA:141,4
DA:142,1
DA:143,1
DA:148,4
DA:151,6
DA:152,6
DA:155,2
DA:158,6
DA:159,2
DA:161,0
DA:163,2
DA:165,0
DA:166,0
DA:171,2
DA:173,4
DA:176,12
DA:179,6
DA:180,6
DA:183,2
DA:185,2
DA:186,6
DA:189,0
DA:190,0
DA:193,2
DA:194,2
DA:196,0
DA:197,0
DA:200,0
DA:201,0
DA:206,1
DA:209,3
DA:210,0
DA:211,0
DA:216,6
DA:217,2
DA:222,0
DA:223,0
DA:225,0
DA:226,0
DA:227,0
DA:229,0
DA:230,0
DA:232,0
DA:233,0
DA:238,2
DA:239,3
DA:243,2
DA:244,1
DA:245,1
DA:246,1
DA:247,1
DA:252,0
DA:254,0
DA:257,0
DA:258,0
DA:261,0
DA:263,0
DA:264,0
DA:267,0
DA:268,0
DA:270,0
DA:271,0
DA:273,0
DA:274,0
DA:279,2
DA:282,4
DA:285,10
DA:286,4
DA:287,4
DA:288,2
DA:292,4
DA:293,2
DA:295,0
DA:296,0
DA:300,1
DA:302,1
LF:131
LH:93
end_of_record
SF:lib/data/repositories/todo_repository_impl.dart
DA:16,1
DA:18,1
DA:22,2
DA:23,1
DA:25,1
DA:26,1
DA:34,0
DA:37,0
DA:42,0
DA:45,0
DA:50,0
DA:53,0
DA:58,0
DA:61,0
LF:14
LH:6
end_of_record
SF:lib/presentation/controllers/todo_detail_controller.dart
DA:25,1
DA:31,2
DA:34,2
DA:35,2
DA:36,2
DA:39,1
DA:40,2
DA:41,2
DA:42,1
DA:46,2
DA:48,2
DA:49,2
DA:50,2
DA:51,1
DA:56,2
DA:57,5
DA:59,2
DA:60,2
DA:61,2
DA:62,1
DA:66,2
DA:67,2
DA:68,1
DA:71,0
DA:72,0
DA:73,0
DA:79,0
DA:81,0
DA:82,0
DA:83,0
DA:88,0
DA:90,0
DA:91,0
DA:92,0
DA:97,0
DA:99,0
DA:100,0
DA:103,0
DA:107,0
DA:109,0
DA:110,0
DA:111,0
DA:115,0
DA:117,0
DA:118,0
DA:119,0
DA:120,0
DA:124,0
DA:126,0
DA:130,0
DA:131,0
DA:137,0
DA:138,0
DA:139,0
DA:140,0
DA:144,0
DA:146,0
DA:147,0
DA:151,0
DA:155,0
DA:159,0
DA:161,0
DA:165,0
DA:167,0
DA:169,0
DA:170,0
DA:171,0
DA:172,0
DA:177,0
DA:178,0
DA:180,0
DA:183,0
DA:184,0
DA:188,0
DA:189,0
DA:190,0
DA:191,0
DA:197,0
DA:198,0
DA:201,0
DA:204,0
DA:207,0
DA:210,0
DA:211,0
DA:212,0
DA:215,0
DA:216,0
DA:220,0
DA:221,0
DA:227,1
DA:229,2
DA:230,2
DA:231,2
DA:232,1
LF:94
LH:28
end_of_record
SF:lib/presentation/providers/theme_provider.dart
DA:6,0
DA:8,0
DA:9,0
DA:10,0
LF:4
LH:0
end_of_record
SF:lib/core/di/injection_container.dart
DA:11,0
DA:13,0
DA:15,0
DA:16,0
DA:17,0
DA:18,0
DA:24,0
DA:25,0
DA:29,0
DA:30,0
DA:34,0
DA:37,0
LF:12
LH:0
end_of_record
SF:lib/core/router/app_router.dart
DA:20,0
DA:26,0
DA:27,0
DA:28,0
DA:29,0
DA:34,0
DA:35,0
DA:40,0
DA:41,0
DA:45,0
DA:46,0
DA:47,0
DA:48,0
DA:53,0
DA:54,0
DA:55,0
DA:56,0
DA:57,0
DA:58,0
DA:62,0
DA:63,0
DA:70,0
DA:71,0
DA:72,0
DA:73,0
DA:74,0
LF:26
LH:0
end_of_record
SF:lib/presentation/screens/todo_list_screen.dart
DA:12,1
DA:14,0
DA:15,0
DA:21,0
DA:23,0
DA:25,0
DA:26,0
DA:27,0
DA:28,0
DA:29,0
DA:35,0
DA:37,0
DA:38,0
DA:41,0
DA:43,0
DA:45,0
DA:46,0
DA:47,0
DA:48,0
DA:49,0
DA:50,0
DA:52,0
DA:53,0
DA:54,0
DA:55,0
DA:56,0
LF:26
LH:1
end_of_record
SF:lib/presentation/screens/todo_detail_screen.dart
DA:9,0
DA:14,0
DA:15,0
DA:23,0
DA:25,0
DA:26,0
DA:27,0
DA:30,0
DA:32,0
DA:33,0
DA:34,0
DA:37,0
DA:39,0
DA:40,0
DA:42,0
DA:43,0
DA:45,0
DA:49,0
DA:50,0
DA:51,0
DA:52,0
DA:53,0
DA:55,0
DA:56,0
DA:60,0
DA:61,0
DA:62,0
DA:64,0
DA:65,0
DA:66,0
DA:67,0
DA:71,0
DA:72,0
DA:73,0
DA:81,0
DA:88,0
DA:90,0
DA:91,0
DA:92,0
DA:93,0
DA:95,0
DA:96,0
LF:42
LH:0
end_of_record
SF:lib/presentation/screens/about_screen.dart
DA:6,1
DA:8,0
LF:2
LH:1
end_of_record
SF:lib/presentation/utils/ui_helpers.dart
DA:6,0
DA:9,0
DA:10,0
DA:11,0
DA:19,0
DA:21,0
DA:25,0
DA:27,0
LF:8
LH:0
end_of_record
SF:lib/presentation/widgets/todo_detail/delete_confirmation_dialog.dart
DA:5,1
DA:7,0
DA:9,0
DA:12,0
DA:13,0
DA:14,0
DA:17,0
DA:18,0
DA:19,0
LF:9
LH:1
end_of_record
SF:lib/presentation/controllers/todo_detail_controller_factory.dart
DA:10,0
DA:11,0
DA:12,0
DA:13,0
LF:4
LH:0
end_of_record
SF:lib/presentation/widgets/about/about_app_bar.dart
DA:5,1
DA:7,0
DA:9,0
DA:11,0
DA:13,0
DA:14,0
DA:18,0
DA:20,0
DA:22,0
DA:30,0
LF:10
LH:1
end_of_record
SF:lib/presentation/widgets/about/info_section.dart
DA:7,1
DA:9,0
DA:11,0
DA:13,0
DA:15,0
DA:16,0
DA:17,0
DA:18,0
DA:25,0
DA:26,0
DA:27,0
LF:11
LH:1
end_of_record
SF:lib/presentation/widgets/todo_detail/task_content.dart
DA:11,0
DA:18,0
DA:20,0
DA:22,0
DA:24,0
DA:25,0
DA:26,0
DA:28,0
DA:29,0
DA:30,0
DA:35,0
DA:36,0
DA:43,0
DA:45,0
DA:46,0
DA:47,0
DA:48,0
DA:52,0
DA:53,0
LF:19
LH:0
end_of_record
SF:lib/presentation/widgets/todo_list/add_item_button.dart
DA:7,0
DA:9,0
DA:11,0
DA:13,0
DA:14,0
DA:15,0
DA:16,0
DA:18,0
DA:21,0
DA:22,0
DA:24,0
DA:25,0
DA:26,0
DA:27,0
DA:29,0
DA:30,0
DA:36,0
DA:39,0
DA:41,0
LF:19
LH:0
end_of_record
SF:lib/presentation/widgets/todo_list/add_todo_dialog.dart
DA:7,0
DA:8,0
DA:10,0
DA:12,0
DA:14,0
DA:21,0
DA:22,0
DA:23,0
DA:24,0
DA:25,0
DA:29,0
DA:30,0
DA:31,0
DA:32,0
DA:33,0
DA:34,0
DA:35,0
LF:17
LH:0
end_of_record
SF:lib/presentation/widgets/todo_list/app_bar_widget.dart
DA:7,1
DA:9,0
DA:11,0
DA:13,0
DA:14,0
DA:17,0
DA:22,0
DA:23,0
DA:31,0
LF:9
LH:1
end_of_record
SF:lib/presentation/widgets/todo_list/divider_line.dart
DA:4,1
DA:6,0
DA:8,0
DA:10,0
DA:12,0
DA:13,0
DA:14,0
LF:7
LH:1
end_of_record
SF:lib/presentation/widgets/todo_list/loading_error_handler.dart
DA:8,0
DA:15,0
DA:17,0
DA:21,0
DA:22,0
DA:23,0
DA:25,0
DA:28,0
DA:29,0
DA:38,0
LF:10
LH:0
end_of_record
SF:lib/presentation/widgets/todo_list/todo_list_view.dart
DA:9,1
DA:11,0
DA:13,0
DA:15,0
DA:16,0
DA:17,0
DA:20,0
DA:21,0
DA:23,0
DA:24,0
DA:25,0
DA:37,0
DA:41,0
DA:42,0
DA:44,0
DA:45,0
DA:46,0
LF:17
LH:1
end_of_record
SF:lib/presentation/widgets/todo_item.dart
DA:13,0
DA:20,0
DA:22,0
DA:23,0
DA:24,0
DA:25,0
DA:26,0
DA:27,0
DA:28,0
LF:9
LH:0
end_of_record
SF:lib/presentation/widgets/todo_item/completion_checkbox.dart
DA:8,0
DA:14,0
DA:16,0
DA:18,0
DA:19,0
DA:20,0
DA:23,0
DA:25,0
DA:26,0
DA:28,0
DA:29,0
DA:33,0
LF:12
LH:0
end_of_record
SF:lib/presentation/widgets/todo_item/due_date_indicator.dart
DA:7,0
DA:9,0
DA:11,0
DA:13,0
DA:15,0
DA:16,0
DA:22,0
DA:24,0
LF:8
LH:0
end_of_record
SF:lib/presentation/widgets/todo_item/todo_container.dart
DA:6,0
DA:8,0
DA:10,0
DA:12,0
DA:14,0
DA:16,0
DA:17,0
DA:19,0
DA:20,0
DA:26,0
LF:10
LH:0
end_of_record
SF:lib/presentation/widgets/todo_item/todo_title.dart
DA:7,0
DA:12,0
DA:14,0
DA:15,0
DA:16,0
DA:17,0
DA:18,0
LF:7
LH:0
end_of_record
SF:lib/presentation/widgets/todo_list/app_title.dart
DA:4,1
DA:6,0
DA:8,0
DA:10,0
DA:11,0
DA:20,0
DA:22,0
DA:24,0
LF:8
LH:1
end_of_record
SF:lib/presentation/widgets/todo_list/theme_toggle_button.dart
DA:6,1
DA:8,0
DA:10,0
DA:11,0
DA:12,0
DA:15,0
DA:19,0
DA:20,0
LF:8
LH:1
end_of_record
SF:lib/presentation/widgets/todo_list/section_title.dart
DA:6,1
DA:8,0
DA:10,0
DA:12,0
DA:13,0
LF:5
LH:1
end_of_record
